  [1m[36mSQL (0.4ms)[0m  [1m SELECT name
 FROM sqlite_master
 WHERE type = 'table' AND NOT name = 'sqlite_sequence'
[0m
  [1m[35mSQL (0.1ms)[0m  select sqlite_version(*)
  [1m[36mSQL (1.6ms)[0m  [1mCREATE TABLE "schema_migrations" ("version" varchar(255) NOT NULL) [0m
  [1m[35mSQL (0.0ms)[0m  PRAGMA index_list("schema_migrations")
  [1m[36mSQL (40.3ms)[0m  [1mCREATE UNIQUE INDEX "unique_schema_migrations" ON "schema_migrations" ("version")[0m
  [1m[35mSQL (0.2ms)[0m   SELECT name
 FROM sqlite_master
 WHERE type = 'table' AND NOT name = 'sqlite_sequence'
  [1m[36mSQL (0.1ms)[0m  [1m SELECT name
 FROM sqlite_master
 WHERE type = 'table' AND NOT name = 'sqlite_sequence'
[0m
  [1m[35mSQL (0.1ms)[0m  SELECT "schema_migrations"."version" FROM "schema_migrations"
Migrating to CreateUsers (20110609015520)
  [1m[36mSQL (0.5ms)[0m  [1mCREATE TABLE "users" ("id" INTEGER PRIMARY KEY AUTOINCREMENT NOT NULL, "name" varchar(255), "email" varchar(255), "created_at" datetime, "updated_at" datetime) [0m
  [1m[35mSQL (0.1ms)[0m  INSERT INTO "schema_migrations" ("version") VALUES ('20110609015520')
  [1m[36mSQL (0.2ms)[0m  [1m SELECT name
 FROM sqlite_master
 WHERE type = 'table' AND NOT name = 'sqlite_sequence'
[0m
  [1m[35mSQL (0.1ms)[0m  SELECT "schema_migrations"."version" FROM "schema_migrations"
  [1m[36mSQL (0.2ms)[0m  [1m SELECT name
 FROM sqlite_master
 WHERE type = 'table' AND NOT name = 'sqlite_sequence'
[0m
  [1m[35mSQL (0.0ms)[0m  PRAGMA index_list("users")


Started GET "/users" for 127.0.0.1 at 2011-06-08 21:02:27 -0500
  Processing by UsersController#index as HTML
  [1m[36mUser Load (0.5ms)[0m  [1mSELECT "users".* FROM "users"[0m
Rendered users/index.html.erb within layouts/application (3.1ms)
Completed 200 OK in 75ms (Views: 9.2ms | ActiveRecord: 0.5ms)


Started GET "/users/new" for 127.0.0.1 at 2011-06-08 21:02:34 -0500
  Processing by UsersController#new as HTML
Rendered users/_form.html.erb (81.2ms)
Rendered users/new.html.erb within layouts/application (111.3ms)
Completed 200 OK in 128ms (Views: 117.0ms | ActiveRecord: 0.0ms)


Started POST "/users" for 127.0.0.1 at 2011-06-08 21:03:29 -0500
  Processing by UsersController#create as HTML
  Parameters: {"utf8"=>"✓", "authenticity_token"=>"pWlI+ibfXE01eu73x5/w0yCsNmMYTspk/PtlC5/jTKc=", "user"=>{"name"=>"Travis W", "email"=>"travis@ts.com"}, "commit"=>"Create User"}
  [1m[35mSQL (0.2ms)[0m   SELECT name
 FROM sqlite_master
 WHERE type = 'table' AND NOT name = 'sqlite_sequence'
  [1m[36mAREL (1.0ms)[0m  [1mINSERT INTO "users" ("name", "email", "created_at", "updated_at") VALUES ('Travis W', 'travis@ts.com', '2011-06-09 02:03:29.776330', '2011-06-09 02:03:29.776330')[0m
Redirected to http://0.0.0.0:3000/users/1
Completed 302 Found in 45ms


Started GET "/users/1" for 127.0.0.1 at 2011-06-08 21:03:29 -0500
  Processing by UsersController#show as HTML
  Parameters: {"id"=>"1"}
  [1m[35mUser Load (0.2ms)[0m  SELECT "users".* FROM "users" WHERE "users"."id" = 1 LIMIT 1
Rendered users/show.html.erb within layouts/application (60.3ms)
Completed 200 OK in 135ms (Views: 81.0ms | ActiveRecord: 1.4ms)


Started GET "/users/1" for 127.0.0.1 at 2011-06-08 21:04:13 -0500
  Processing by UsersController#show as HTML
  Parameters: {"id"=>"1"}
  [1m[36mUser Load (0.2ms)[0m  [1mSELECT "users".* FROM "users" WHERE "users"."id" = 1 LIMIT 1[0m
Rendered users/show.html.erb within layouts/application (10.1ms)
Completed 200 OK in 28ms (Views: 16.1ms | ActiveRecord: 0.2ms)


Started GET "/users/1/edit" for 127.0.0.1 at 2011-06-08 21:04:34 -0500
  Processing by UsersController#edit as HTML
  Parameters: {"id"=>"1"}
  [1m[35mUser Load (0.2ms)[0m  SELECT "users".* FROM "users" WHERE "users"."id" = 1 LIMIT 1
Rendered users/_form.html.erb (13.5ms)
Rendered users/edit.html.erb within layouts/application (18.1ms)
Completed 200 OK in 68ms (Views: 23.7ms | ActiveRecord: 0.2ms)


Started POST "/users/1" for 127.0.0.1 at 2011-06-08 21:04:44 -0500
  Processing by UsersController#update as HTML
  Parameters: {"utf8"=>"✓", "authenticity_token"=>"pWlI+ibfXE01eu73x5/w0yCsNmMYTspk/PtlC5/jTKc=", "user"=>{"name"=>"Travis Womble", "email"=>"travis@ts.com"}, "commit"=>"Update User", "id"=>"1"}
  [1m[36mUser Load (0.2ms)[0m  [1mSELECT "users".* FROM "users" WHERE "users"."id" = 1 LIMIT 1[0m
  [1m[35mAREL (0.5ms)[0m  UPDATE "users" SET "name" = 'Travis Womble', "updated_at" = '2011-06-09 02:04:44.990193' WHERE "users"."id" = 1
Redirected to http://0.0.0.0:3000/users/1
Completed 302 Found in 26ms


Started GET "/users/1" for 127.0.0.1 at 2011-06-08 21:04:45 -0500
  Processing by UsersController#show as HTML
  Parameters: {"id"=>"1"}
  [1m[36mUser Load (0.2ms)[0m  [1mSELECT "users".* FROM "users" WHERE "users"."id" = 1 LIMIT 1[0m
Rendered users/show.html.erb within layouts/application (85.4ms)
Completed 200 OK in 108ms (Views: 92.9ms | ActiveRecord: 0.9ms)


Started GET "/users" for 127.0.0.1 at 2011-06-08 21:05:00 -0500
  Processing by UsersController#index as HTML
  [1m[35mUser Load (0.5ms)[0m  SELECT "users".* FROM "users"
Rendered users/index.html.erb within layouts/application (11.9ms)
Completed 200 OK in 26ms (Views: 17.2ms | ActiveRecord: 0.5ms)


Started POST "/users/1" for 127.0.0.1 at 2011-06-08 21:05:17 -0500
  Processing by UsersController#destroy as HTML
  Parameters: {"authenticity_token"=>"pWlI+ibfXE01eu73x5/w0yCsNmMYTspk/PtlC5/jTKc=", "id"=>"1"}
  [1m[36mUser Load (0.2ms)[0m  [1mSELECT "users".* FROM "users" WHERE "users"."id" = 1 LIMIT 1[0m
  [1m[35mAREL (0.4ms)[0m  DELETE FROM "users" WHERE "users"."id" = 1
Redirected to http://0.0.0.0:3000/users
Completed 302 Found in 52ms


Started GET "/users" for 127.0.0.1 at 2011-06-08 21:05:17 -0500
  Processing by UsersController#index as HTML
  [1m[36mUser Load (0.4ms)[0m  [1mSELECT "users".* FROM "users"[0m
Rendered users/index.html.erb within layouts/application (3.9ms)
Completed 200 OK in 25ms (Views: 15.3ms | ActiveRecord: 1.0ms)


Started GET "/users/1" for 127.0.0.1 at 2011-06-08 21:05:25 -0500
  Processing by UsersController#show as HTML
  Parameters: {"id"=>"1"}
  [1m[35mUser Load (0.1ms)[0m  SELECT "users".* FROM "users" WHERE "users"."id" = 1 LIMIT 1
Completed   in 11ms

ActiveRecord::RecordNotFound (Couldn't find User with ID=1):
  app/controllers/users_controller.rb:16:in `show'

Rendered /Users/t_wamble/.rvm/gems/ruby-1.9.2-p180@rails3tutorial/gems/actionpack-3.0.7/lib/action_dispatch/middleware/templates/rescues/_trace.erb (1.4ms)
Rendered /Users/t_wamble/.rvm/gems/ruby-1.9.2-p180@rails3tutorial/gems/actionpack-3.0.7/lib/action_dispatch/middleware/templates/rescues/_request_and_response.erb (3.5ms)
Rendered /Users/t_wamble/.rvm/gems/ruby-1.9.2-p180@rails3tutorial/gems/actionpack-3.0.7/lib/action_dispatch/middleware/templates/rescues/diagnostics.erb within rescues/layout (14.2ms)


Started GET "/users" for 127.0.0.1 at 2011-06-08 21:05:29 -0500
  Processing by UsersController#index as HTML
  [1m[36mUser Load (0.4ms)[0m  [1mSELECT "users".* FROM "users"[0m
Rendered users/index.html.erb within layouts/application (2.9ms)
Completed 200 OK in 48ms (Views: 8.1ms | ActiveRecord: 0.5ms)


Started GET "/users/new" for 127.0.0.1 at 2011-06-08 21:05:32 -0500
  Processing by UsersController#new as HTML
Rendered users/_form.html.erb (8.4ms)
Rendered users/new.html.erb within layouts/application (12.4ms)
Completed 200 OK in 27ms (Views: 17.4ms | ActiveRecord: 0.0ms)


Started POST "/users" for 127.0.0.1 at 2011-06-08 21:05:40 -0500
  Processing by UsersController#create as HTML
  Parameters: {"utf8"=>"✓", "authenticity_token"=>"pWlI+ibfXE01eu73x5/w0yCsNmMYTspk/PtlC5/jTKc=", "user"=>{"name"=>"Foo Bar", "email"=>"foo@bar.com"}, "commit"=>"Create User"}
  [1m[35mAREL (0.4ms)[0m  INSERT INTO "users" ("name", "email", "created_at", "updated_at") VALUES ('Foo Bar', 'foo@bar.com', '2011-06-09 02:05:40.906446', '2011-06-09 02:05:40.906446')
Redirected to http://0.0.0.0:3000/users/2
Completed 302 Found in 25ms


Started GET "/users/2" for 127.0.0.1 at 2011-06-08 21:05:40 -0500
  Processing by UsersController#show as HTML
  Parameters: {"id"=>"2"}
  [1m[36mUser Load (0.2ms)[0m  [1mSELECT "users".* FROM "users" WHERE "users"."id" = 2 LIMIT 1[0m
Rendered users/show.html.erb within layouts/application (10.0ms)
Completed 200 OK in 29ms (Views: 15.2ms | ActiveRecord: 0.6ms)


Started GET "/users" for 127.0.0.1 at 2011-06-08 21:05:43 -0500
  Processing by UsersController#index as HTML
  [1m[35mUser Load (0.4ms)[0m  SELECT "users".* FROM "users"
Rendered users/index.html.erb within layouts/application (11.5ms)
Completed 200 OK in 25ms (Views: 16.9ms | ActiveRecord: 0.4ms)


Started GET "/users/new" for 127.0.0.1 at 2011-06-08 21:05:44 -0500
  Processing by UsersController#new as HTML
Rendered users/_form.html.erb (8.7ms)
Rendered users/new.html.erb within layouts/application (12.8ms)
Completed 200 OK in 57ms (Views: 18.0ms | ActiveRecord: 0.0ms)


Started POST "/users" for 127.0.0.1 at 2011-06-08 21:05:55 -0500
  Processing by UsersController#create as HTML
  Parameters: {"utf8"=>"✓", "authenticity_token"=>"pWlI+ibfXE01eu73x5/w0yCsNmMYTspk/PtlC5/jTKc=", "user"=>{"name"=>"Bas Quux", "email"=>"Bas@quuz.net"}, "commit"=>"Create User"}
  [1m[36mAREL (0.4ms)[0m  [1mINSERT INTO "users" ("name", "email", "created_at", "updated_at") VALUES ('Bas Quux', 'Bas@quuz.net', '2011-06-09 02:05:55.366625', '2011-06-09 02:05:55.366625')[0m
Redirected to http://0.0.0.0:3000/users/3
Completed 302 Found in 25ms


Started GET "/users/3" for 127.0.0.1 at 2011-06-08 21:05:55 -0500
  Processing by UsersController#show as HTML
  Parameters: {"id"=>"3"}
  [1m[35mUser Load (0.2ms)[0m  SELECT "users".* FROM "users" WHERE "users"."id" = 3 LIMIT 1
Rendered users/show.html.erb within layouts/application (100.1ms)
Completed 200 OK in 125ms (Views: 109.4ms | ActiveRecord: 0.6ms)


Started GET "/users" for 127.0.0.1 at 2011-06-08 21:06:01 -0500
  Processing by UsersController#index as HTML
  [1m[36mUser Load (0.4ms)[0m  [1mSELECT "users".* FROM "users"[0m
Rendered users/index.html.erb within layouts/application (13.1ms)
Completed 200 OK in 27ms (Views: 18.3ms | ActiveRecord: 0.4ms)


Started GET "/users/new" for 127.0.0.1 at 2011-06-08 21:06:02 -0500
  Processing by UsersController#new as HTML
Rendered users/_form.html.erb (8.7ms)
Rendered users/new.html.erb within layouts/application (13.1ms)
Completed 200 OK in 28ms (Views: 18.2ms | ActiveRecord: 0.0ms)


Started POST "/users" for 127.0.0.1 at 2011-06-08 21:06:13 -0500
  Processing by UsersController#create as HTML
  Parameters: {"utf8"=>"✓", "authenticity_token"=>"pWlI+ibfXE01eu73x5/w0yCsNmMYTspk/PtlC5/jTKc=", "user"=>{"name"=>"Travis Womblr", "email"=>"travis@example.com"}, "commit"=>"Create User"}
  [1m[35mAREL (0.4ms)[0m  INSERT INTO "users" ("name", "email", "created_at", "updated_at") VALUES ('Travis Womblr', 'travis@example.com', '2011-06-09 02:06:13.167263', '2011-06-09 02:06:13.167263')
Redirected to http://0.0.0.0:3000/users/4
Completed 302 Found in 26ms


Started GET "/users/4" for 127.0.0.1 at 2011-06-08 21:06:13 -0500
  Processing by UsersController#show as HTML
  Parameters: {"id"=>"4"}
  [1m[36mUser Load (0.2ms)[0m  [1mSELECT "users".* FROM "users" WHERE "users"."id" = 4 LIMIT 1[0m
Rendered users/show.html.erb within layouts/application (20.2ms)
Completed 200 OK in 46ms (Views: 25.9ms | ActiveRecord: 0.6ms)


Started GET "/users" for 127.0.0.1 at 2011-06-08 21:06:30 -0500
  Processing by UsersController#index as HTML
  [1m[35mUser Load (0.5ms)[0m  SELECT "users".* FROM "users"
Rendered users/index.html.erb within layouts/application (16.4ms)
Completed 200 OK in 30ms (Views: 21.6ms | ActiveRecord: 0.5ms)
  [1m[36mSQL (0.5ms)[0m  [1m SELECT name
 FROM sqlite_master
 WHERE type = 'table' AND NOT name = 'sqlite_sequence'
[0m
  [1m[35mSQL (0.2ms)[0m   SELECT name
 FROM sqlite_master
 WHERE type = 'table' AND NOT name = 'sqlite_sequence'
  [1m[36mSQL (0.1ms)[0m  [1mSELECT "schema_migrations"."version" FROM "schema_migrations"[0m
Migrating to CreateUsers (20110609015520)
Migrating to CreateMicroposts (20110611142355)
  [1m[35mSQL (0.1ms)[0m  select sqlite_version(*)
  [1m[36mSQL (0.5ms)[0m  [1m SELECT name
 FROM sqlite_master
 WHERE type = 'table' AND NOT name = 'sqlite_sequence'
[0m
  [1m[35mSQL (0.1ms)[0m   SELECT name
 FROM sqlite_master
 WHERE type = 'table' AND NOT name = 'sqlite_sequence'
  [1m[36mSQL (0.1ms)[0m  [1mSELECT "schema_migrations"."version" FROM "schema_migrations"[0m
  [1m[35mSQL (0.1ms)[0m   SELECT name
 FROM sqlite_master
 WHERE type = 'table' AND NOT name = 'sqlite_sequence'
  [1m[36mSQL (0.1ms)[0m  [1mSELECT "schema_migrations"."version" FROM "schema_migrations"[0m
Migrating to CreateUsers (20110609015520)
  [1m[35mSQL (0.1ms)[0m  select sqlite_version(*)
  [1m[36mSQL (1.6ms)[0m  [1mDROP TABLE "users"[0m
  [1m[35mAREL (0.2ms)[0m  DELETE FROM "schema_migrations" WHERE "schema_migrations"."version" = '20110609015520'
  [1m[36mSQL (0.2ms)[0m  [1m SELECT name
 FROM sqlite_master
 WHERE type = 'table' AND NOT name = 'sqlite_sequence'
[0m
  [1m[35mSQL (0.1ms)[0m  SELECT "schema_migrations"."version" FROM "schema_migrations"
  [1m[36mSQL (0.1ms)[0m  [1m SELECT name
 FROM sqlite_master
 WHERE type = 'table' AND NOT name = 'sqlite_sequence'
[0m
  [1m[36mSQL (0.5ms)[0m  [1m SELECT name
 FROM sqlite_master
 WHERE type = 'table' AND NOT name = 'sqlite_sequence'
[0m
  [1m[35mSQL (0.1ms)[0m   SELECT name
 FROM sqlite_master
 WHERE type = 'table' AND NOT name = 'sqlite_sequence'
  [1m[36mSQL (0.1ms)[0m  [1mSELECT "schema_migrations"."version" FROM "schema_migrations"[0m
Migrating to CreateUsers (20110609015520)
  [1m[35mSQL (0.1ms)[0m  select sqlite_version(*)
  [1m[36mSQL (0.5ms)[0m  [1mCREATE TABLE "users" ("id" INTEGER PRIMARY KEY AUTOINCREMENT NOT NULL, "name" varchar(255), "email" varchar(255), "created_at" datetime, "updated_at" datetime) [0m
  [1m[35mSQL (0.1ms)[0m  INSERT INTO "schema_migrations" ("version") VALUES ('20110609015520')
Migrating to CreateMicroposts (20110611143151)


Started GET "/microposts" for 127.0.0.1 at 2011-06-11 09:42:11 -0500
  Processing by MicropostsController#index as HTML
  [1m[36mMicropost Load (0.6ms)[0m  [1mSELECT "microposts".* FROM "microposts"[0m
SQLite3::SQLException: no such table: microposts: SELECT "microposts".* FROM "microposts"
Completed   in 88ms

ActiveRecord::StatementInvalid (SQLite3::SQLException: no such table: microposts: SELECT "microposts".* FROM "microposts"):
  app/controllers/microposts_controller.rb:5:in `index'

Rendered /Users/t_wamble/.rvm/gems/ruby-1.9.2-p180@rails3tutorial/gems/actionpack-3.0.7/lib/action_dispatch/middleware/templates/rescues/_trace.erb (1.4ms)
Rendered /Users/t_wamble/.rvm/gems/ruby-1.9.2-p180@rails3tutorial/gems/actionpack-3.0.7/lib/action_dispatch/middleware/templates/rescues/_request_and_response.erb (2.8ms)
Rendered /Users/t_wamble/.rvm/gems/ruby-1.9.2-p180@rails3tutorial/gems/actionpack-3.0.7/lib/action_dispatch/middleware/templates/rescues/diagnostics.erb within rescues/layout (12.8ms)


Started GET "/micropost" for 127.0.0.1 at 2011-06-11 09:42:17 -0500

ActionController::RoutingError (No route matches "/micropost"):
  

Rendered /Users/t_wamble/.rvm/gems/ruby-1.9.2-p180@rails3tutorial/gems/actionpack-3.0.7/lib/action_dispatch/middleware/templates/rescues/routing_error.erb within rescues/layout (1.1ms)


Started GET "/microposts" for 127.0.0.1 at 2011-06-11 09:42:20 -0500
  Processing by MicropostsController#index as HTML
  [1m[35mMicropost Load (0.5ms)[0m  SELECT "microposts".* FROM "microposts"
SQLite3::SQLException: no such table: microposts: SELECT "microposts".* FROM "microposts"
Completed   in 9ms

ActiveRecord::StatementInvalid (SQLite3::SQLException: no such table: microposts: SELECT "microposts".* FROM "microposts"):
  app/controllers/microposts_controller.rb:5:in `index'

Rendered /Users/t_wamble/.rvm/gems/ruby-1.9.2-p180@rails3tutorial/gems/actionpack-3.0.7/lib/action_dispatch/middleware/templates/rescues/_trace.erb (1.4ms)
Rendered /Users/t_wamble/.rvm/gems/ruby-1.9.2-p180@rails3tutorial/gems/actionpack-3.0.7/lib/action_dispatch/middleware/templates/rescues/_request_and_response.erb (2.7ms)
Rendered /Users/t_wamble/.rvm/gems/ruby-1.9.2-p180@rails3tutorial/gems/actionpack-3.0.7/lib/action_dispatch/middleware/templates/rescues/diagnostics.erb within rescues/layout (9.9ms)


Started GET "/users" for 127.0.0.1 at 2011-06-11 09:43:21 -0500
  Processing by UsersController#index as HTML
  [1m[36mUser Load (0.4ms)[0m  [1mSELECT "users".* FROM "users"[0m
Rendered users/index.html.erb within layouts/application (3.0ms)
Completed 200 OK in 19ms (Views: 9.0ms | ActiveRecord: 0.4ms)


Started GET "/users/new" for 127.0.0.1 at 2011-06-11 09:43:24 -0500
  Processing by UsersController#new as HTML
Rendered users/_form.html.erb (101.1ms)
Rendered users/new.html.erb within layouts/application (105.6ms)
Completed 200 OK in 122ms (Views: 111.2ms | ActiveRecord: 0.0ms)


Started POST "/users" for 127.0.0.1 at 2011-06-11 09:43:32 -0500
  Processing by UsersController#create as HTML
  Parameters: {"utf8"=>"✓", "authenticity_token"=>"yX2pFHa7X98DNv9nIjTd68Zpn7nGFALUdByAi/gcvJs=", "user"=>{"name"=>"Travis", "email"=>"travis@example.com"}, "commit"=>"Create User"}
  [1m[35mSQL (0.2ms)[0m   SELECT name
 FROM sqlite_master
 WHERE type = 'table' AND NOT name = 'sqlite_sequence'
  [1m[36mAREL (0.4ms)[0m  [1mINSERT INTO "users" ("name", "email", "created_at", "updated_at") VALUES ('Travis', 'travis@example.com', '2011-06-11 14:43:32.665781', '2011-06-11 14:43:32.665781')[0m
Redirected to http://0.0.0.0:3000/users/1
Completed 302 Found in 46ms


Started GET "/users/1" for 127.0.0.1 at 2011-06-11 09:43:32 -0500
  Processing by UsersController#show as HTML
  Parameters: {"id"=>"1"}
  [1m[35mUser Load (0.2ms)[0m  SELECT "users".* FROM "users" WHERE "users"."id" = 1 LIMIT 1
Rendered users/show.html.erb within layouts/application (40.4ms)
Completed 200 OK in 59ms (Views: 47.0ms | ActiveRecord: 0.8ms)


Started GET "/users" for 127.0.0.1 at 2011-06-11 09:43:34 -0500
  Processing by UsersController#index as HTML
  [1m[36mUser Load (0.4ms)[0m  [1mSELECT "users".* FROM "users"[0m
Rendered users/index.html.erb within layouts/application (11.4ms)
Completed 200 OK in 25ms (Views: 16.4ms | ActiveRecord: 0.4ms)


Started GET "/microposts" for 127.0.0.1 at 2011-06-11 09:43:42 -0500
  Processing by MicropostsController#index as HTML
  [1m[35mMicropost Load (0.5ms)[0m  SELECT "microposts".* FROM "microposts"
SQLite3::SQLException: no such table: microposts: SELECT "microposts".* FROM "microposts"
Completed   in 9ms

ActiveRecord::StatementInvalid (SQLite3::SQLException: no such table: microposts: SELECT "microposts".* FROM "microposts"):
  app/controllers/microposts_controller.rb:5:in `index'

Rendered /Users/t_wamble/.rvm/gems/ruby-1.9.2-p180@rails3tutorial/gems/actionpack-3.0.7/lib/action_dispatch/middleware/templates/rescues/_trace.erb (1.5ms)
Rendered /Users/t_wamble/.rvm/gems/ruby-1.9.2-p180@rails3tutorial/gems/actionpack-3.0.7/lib/action_dispatch/middleware/templates/rescues/_request_and_response.erb (3.2ms)
Rendered /Users/t_wamble/.rvm/gems/ruby-1.9.2-p180@rails3tutorial/gems/actionpack-3.0.7/lib/action_dispatch/middleware/templates/rescues/diagnostics.erb within rescues/layout (11.5ms)
  [1m[36mSQL (0.5ms)[0m  [1m SELECT name
 FROM sqlite_master
 WHERE type = 'table' AND NOT name = 'sqlite_sequence'
[0m
  [1m[35mSQL (0.1ms)[0m   SELECT name
 FROM sqlite_master
 WHERE type = 'table' AND NOT name = 'sqlite_sequence'
  [1m[36mSQL (0.1ms)[0m  [1mSELECT "schema_migrations"."version" FROM "schema_migrations"[0m
Migrating to CreateUsers (20110609015520)
Migrating to CreateMicroposts (20110611143151)
  [1m[35mSQL (0.1ms)[0m  select sqlite_version(*)


Started GET "/microposts" for 127.0.0.1 at 2011-06-11 09:44:32 -0500
  Processing by MicropostsController#index as HTML
  [1m[36mMicropost Load (0.5ms)[0m  [1mSELECT "microposts".* FROM "microposts"[0m
SQLite3::SQLException: no such table: microposts: SELECT "microposts".* FROM "microposts"
Completed   in 9ms

ActiveRecord::StatementInvalid (SQLite3::SQLException: no such table: microposts: SELECT "microposts".* FROM "microposts"):
  app/controllers/microposts_controller.rb:5:in `index'

Rendered /Users/t_wamble/.rvm/gems/ruby-1.9.2-p180@rails3tutorial/gems/actionpack-3.0.7/lib/action_dispatch/middleware/templates/rescues/_trace.erb (1.4ms)
Rendered /Users/t_wamble/.rvm/gems/ruby-1.9.2-p180@rails3tutorial/gems/actionpack-3.0.7/lib/action_dispatch/middleware/templates/rescues/_request_and_response.erb (3.2ms)
Rendered /Users/t_wamble/.rvm/gems/ruby-1.9.2-p180@rails3tutorial/gems/actionpack-3.0.7/lib/action_dispatch/middleware/templates/rescues/diagnostics.erb within rescues/layout (11.1ms)


Started GET "/microposts" for 127.0.0.1 at 2011-06-11 09:44:33 -0500
  Processing by MicropostsController#index as HTML
  [1m[35mMicropost Load (0.5ms)[0m  SELECT "microposts".* FROM "microposts"
SQLite3::SQLException: no such table: microposts: SELECT "microposts".* FROM "microposts"
Completed   in 9ms

ActiveRecord::StatementInvalid (SQLite3::SQLException: no such table: microposts: SELECT "microposts".* FROM "microposts"):
  app/controllers/microposts_controller.rb:5:in `index'

Rendered /Users/t_wamble/.rvm/gems/ruby-1.9.2-p180@rails3tutorial/gems/actionpack-3.0.7/lib/action_dispatch/middleware/templates/rescues/_trace.erb (1.4ms)
Rendered /Users/t_wamble/.rvm/gems/ruby-1.9.2-p180@rails3tutorial/gems/actionpack-3.0.7/lib/action_dispatch/middleware/templates/rescues/_request_and_response.erb (3.2ms)
Rendered /Users/t_wamble/.rvm/gems/ruby-1.9.2-p180@rails3tutorial/gems/actionpack-3.0.7/lib/action_dispatch/middleware/templates/rescues/diagnostics.erb within rescues/layout (10.5ms)


Started GET "/microposts/new" for 127.0.0.1 at 2011-06-11 09:44:39 -0500
  Processing by MicropostsController#new as HTML
Completed   in 9ms

ActiveRecord::StatementInvalid (Could not find table 'microposts'):
  app/controllers/microposts_controller.rb:27:in `new'
  app/controllers/microposts_controller.rb:27:in `new'

Rendered /Users/t_wamble/.rvm/gems/ruby-1.9.2-p180@rails3tutorial/gems/actionpack-3.0.7/lib/action_dispatch/middleware/templates/rescues/_trace.erb (1.6ms)
Rendered /Users/t_wamble/.rvm/gems/ruby-1.9.2-p180@rails3tutorial/gems/actionpack-3.0.7/lib/action_dispatch/middleware/templates/rescues/_request_and_response.erb (31.4ms)
Rendered /Users/t_wamble/.rvm/gems/ruby-1.9.2-p180@rails3tutorial/gems/actionpack-3.0.7/lib/action_dispatch/middleware/templates/rescues/diagnostics.erb within rescues/layout (39.1ms)
  [1m[36mSQL (0.5ms)[0m  [1m SELECT name
 FROM sqlite_master
 WHERE type = 'table' AND NOT name = 'sqlite_sequence'
[0m
  [1m[35mSQL (0.1ms)[0m   SELECT name
 FROM sqlite_master
 WHERE type = 'table' AND NOT name = 'sqlite_sequence'
  [1m[36mSQL (0.1ms)[0m  [1mSELECT "schema_migrations"."version" FROM "schema_migrations"[0m
Migrating to CreateUsers (20110609015520)
Migrating to CreateMicroposts (20110611143151)
  [1m[35mSQL (0.1ms)[0m  select sqlite_version(*)


Started GET "/users" for 127.0.0.1 at 2011-06-11 13:20:47 -0500
  Processing by UsersController#index as HTML
  [1m[36mUser Load (0.4ms)[0m  [1mSELECT "users".* FROM "users"[0m
Rendered users/index.html.erb within layouts/application (12.2ms)
Completed 200 OK in 27ms (Views: 18.2ms | ActiveRecord: 0.4ms)


Started GET "/microposts" for 127.0.0.1 at 2011-06-11 13:20:52 -0500
  Processing by MicropostsController#index as HTML
  [1m[35mMicropost Load (0.5ms)[0m  SELECT "microposts".* FROM "microposts"
SQLite3::SQLException: no such table: microposts: SELECT "microposts".* FROM "microposts"
Completed   in 9ms

ActiveRecord::StatementInvalid (SQLite3::SQLException: no such table: microposts: SELECT "microposts".* FROM "microposts"):
  app/controllers/microposts_controller.rb:5:in `index'

Rendered /Users/t_wamble/.rvm/gems/ruby-1.9.2-p180@rails3tutorial/gems/actionpack-3.0.7/lib/action_dispatch/middleware/templates/rescues/_trace.erb (1.5ms)
Rendered /Users/t_wamble/.rvm/gems/ruby-1.9.2-p180@rails3tutorial/gems/actionpack-3.0.7/lib/action_dispatch/middleware/templates/rescues/_request_and_response.erb (34.2ms)
Rendered /Users/t_wamble/.rvm/gems/ruby-1.9.2-p180@rails3tutorial/gems/actionpack-3.0.7/lib/action_dispatch/middleware/templates/rescues/diagnostics.erb within rescues/layout (44.4ms)
  [1m[36mSQL (0.5ms)[0m  [1m SELECT name
 FROM sqlite_master
 WHERE type = 'table' AND NOT name = 'sqlite_sequence'
[0m
  [1m[35mSQL (0.1ms)[0m   SELECT name
 FROM sqlite_master
 WHERE type = 'table' AND NOT name = 'sqlite_sequence'
  [1m[36mSQL (0.1ms)[0m  [1mSELECT "schema_migrations"."version" FROM "schema_migrations"[0m
Migrating to CreateUsers (20110609015520)
Migrating to CreateMicroposts (20110611182039)
  [1m[35mSQL (0.1ms)[0m  select sqlite_version(*)
  [1m[36mSQL (0.5ms)[0m  [1mCREATE TABLE "microposts" ("id" INTEGER PRIMARY KEY AUTOINCREMENT NOT NULL, "content" varchar(255), "user_id" integer, "created_at" datetime, "updated_at" datetime) [0m
  [1m[35mSQL (0.2ms)[0m  INSERT INTO "schema_migrations" ("version") VALUES ('20110611182039')
  [1m[36mSQL (0.2ms)[0m  [1m SELECT name
 FROM sqlite_master
 WHERE type = 'table' AND NOT name = 'sqlite_sequence'
[0m
  [1m[35mSQL (0.1ms)[0m  SELECT "schema_migrations"."version" FROM "schema_migrations"
  [1m[36mSQL (0.1ms)[0m  [1m SELECT name
 FROM sqlite_master
 WHERE type = 'table' AND NOT name = 'sqlite_sequence'
[0m
  [1m[35mSQL (0.0ms)[0m  PRAGMA index_list("microposts")
  [1m[36mSQL (0.0ms)[0m  [1mPRAGMA index_list("users")[0m


Started GET "/microposts" for 127.0.0.1 at 2011-06-11 13:21:16 -0500
  Processing by MicropostsController#index as HTML
  [1m[36mMicropost Load (0.4ms)[0m  [1mSELECT "microposts".* FROM "microposts"[0m
Rendered microposts/index.html.erb within layouts/application (2.9ms)
Completed 200 OK in 17ms (Views: 8.5ms | ActiveRecord: 0.4ms)


Started GET "/microposts/new" for 127.0.0.1 at 2011-06-11 13:21:20 -0500
  Processing by MicropostsController#new as HTML
Rendered microposts/_form.html.erb (8.5ms)
Rendered microposts/new.html.erb within layouts/application (12.7ms)
Completed 200 OK in 28ms (Views: 18.1ms | ActiveRecord: 0.0ms)


Started POST "/microposts" for 127.0.0.1 at 2011-06-11 13:21:50 -0500
  Processing by MicropostsController#create as HTML
  Parameters: {"utf8"=>"✓", "authenticity_token"=>"yX2pFHa7X98DNv9nIjTd68Zpn7nGFALUdByAi/gcvJs=", "micropost"=>{"content"=>"a;sdlkfja;lskdjf;lasjkdflkdjflskdjflskdjflskdjflskjdflskdjflskjdlskdjf", "user_id"=>"1"}, "commit"=>"Create Micropost"}
  [1m[35mSQL (0.2ms)[0m   SELECT name
 FROM sqlite_master
 WHERE type = 'table' AND NOT name = 'sqlite_sequence'
  [1m[36mAREL (0.3ms)[0m  [1mINSERT INTO "microposts" ("content", "user_id", "created_at", "updated_at") VALUES ('a;sdlkfja;lskdjf;lasjkdflkdjflskdjflskdjflskdjflskjdflskdjflskjdlskdjf', 1, '2011-06-11 18:21:50.820989', '2011-06-11 18:21:50.820989')[0m
Redirected to http://0.0.0.0:3000/microposts/1
Completed 302 Found in 25ms


Started GET "/microposts/1" for 127.0.0.1 at 2011-06-11 13:21:50 -0500
  Processing by MicropostsController#show as HTML
  Parameters: {"id"=>"1"}
  [1m[35mSQL (0.5ms)[0m   SELECT name
 FROM sqlite_master
 WHERE type = 'table' AND NOT name = 'sqlite_sequence'
  [1m[36mMicropost Load (0.2ms)[0m  [1mSELECT "microposts".* FROM "microposts" WHERE "microposts"."id" = 1 LIMIT 1[0m
Rendered microposts/show.html.erb within layouts/application (17.0ms)
Completed 200 OK in 59ms (Views: 22.6ms | ActiveRecord: 1.2ms)


Started GET "/microposts" for 127.0.0.1 at 2011-06-11 13:29:50 -0500
  Processing by MicropostsController#index as HTML
  [1m[35mMicropost Load (0.4ms)[0m  SELECT "microposts".* FROM "microposts"
Rendered microposts/index.html.erb within layouts/application (12.0ms)
Completed 200 OK in 27ms (Views: 17.6ms | ActiveRecord: 0.4ms)


Started GET "/microposts/new" for 127.0.0.1 at 2011-06-11 13:29:52 -0500
  Processing by MicropostsController#new as HTML
Rendered microposts/_form.html.erb (8.9ms)
Rendered microposts/new.html.erb within layouts/application (12.8ms)
Completed 200 OK in 30ms (Views: 18.2ms | ActiveRecord: 0.0ms)


Started POST "/microposts" for 127.0.0.1 at 2011-06-11 13:30:01 -0500
  Processing by MicropostsController#create as HTML
  Parameters: {"utf8"=>"✓", "authenticity_token"=>"yX2pFHa7X98DNv9nIjTd68Zpn7nGFALUdByAi/gcvJs=", "micropost"=>{"content"=>"Lorem ipsum dolor sit amet, consectetur adipisicing elit, sed do eiusmod tempor incididunt ut labore et dolore magna aliqua. Ut enim ad minim veniam, quis nostrud exercitation ullamco laboris nisi ut aliquip ex ea commodo consequat. Duis aute irure dolor in reprehenderit in voluptate velit esse cillum dolore eu fugiat nulla pariatur. Excepteur sint occaecat cupidatat non proident, sunt in culpa qui officia deserunt mollit anim id est laborum.", "user_id"=>"1"}, "commit"=>"Create Micropost"}
Rendered microposts/_form.html.erb (5.7ms)
Rendered microposts/new.html.erb within layouts/application (9.7ms)
Completed 200 OK in 66ms (Views: 14.9ms | ActiveRecord: 0.0ms)
  [1m[36mUser Load (0.6ms)[0m  [1mSELECT "users".* FROM "users"[0m
  [1m[35mUser Load (0.3ms)[0m  SELECT "users".* FROM "users" LIMIT 1


Started POST "/microposts" for 127.0.0.1 at 2011-06-11 13:38:51 -0500
  Processing by MicropostsController#create as HTML
  Parameters: {"utf8"=>"✓", "authenticity_token"=>"yX2pFHa7X98DNv9nIjTd68Zpn7nGFALUdByAi/gcvJs=", "micropost"=>{"content"=>"Lorem ipsum dolor sit amet", "user_id"=>"1"}, "commit"=>"Create Micropost"}
Completed   in 7ms

NoMethodError (undefined method `belongs_to' for main:Object):
  app/models/micropost.rb:2:in `<top (required)>'
  app/controllers/microposts_controller.rb:43:in `create'

Rendered /Users/t_wamble/.rvm/gems/ruby-1.9.2-p180@rails3tutorial/gems/actionpack-3.0.7/lib/action_dispatch/middleware/templates/rescues/_trace.erb (1.4ms)
Rendered /Users/t_wamble/.rvm/gems/ruby-1.9.2-p180@rails3tutorial/gems/actionpack-3.0.7/lib/action_dispatch/middleware/templates/rescues/_request_and_response.erb (4.5ms)
Rendered /Users/t_wamble/.rvm/gems/ruby-1.9.2-p180@rails3tutorial/gems/actionpack-3.0.7/lib/action_dispatch/middleware/templates/rescues/diagnostics.erb within rescues/layout (13.4ms)


Started POST "/microposts" for 127.0.0.1 at 2011-06-11 13:38:56 -0500
  Processing by MicropostsController#create as HTML
  Parameters: {"utf8"=>"✓", "authenticity_token"=>"yX2pFHa7X98DNv9nIjTd68Zpn7nGFALUdByAi/gcvJs=", "micropost"=>{"content"=>"Lorem ipsum dolor sit amet, consectetur adipisicing elit, sed do eiusmod tempor incididunt ut labore et dolore magna aliqua. Ut enim ad minim veniam, quis nostrud exercitation ullamco laboris nisi ut aliquip ex ea commodo consequat. Duis aute irure dolor in reprehenderit in voluptate velit esse cillum dolore eu fugiat nulla pariatur. Excepteur sint occaecat cupidatat non proident, sunt in culpa qui officia deserunt mollit anim id est laborum.", "user_id"=>"1"}, "commit"=>"Create Micropost"}
Completed   in 8ms

NoMethodError (undefined method `belongs_to' for main:Object):
  app/models/micropost.rb:2:in `<top (required)>'
  app/controllers/microposts_controller.rb:43:in `create'

Rendered /Users/t_wamble/.rvm/gems/ruby-1.9.2-p180@rails3tutorial/gems/actionpack-3.0.7/lib/action_dispatch/middleware/templates/rescues/_trace.erb (1.5ms)
Rendered /Users/t_wamble/.rvm/gems/ruby-1.9.2-p180@rails3tutorial/gems/actionpack-3.0.7/lib/action_dispatch/middleware/templates/rescues/_request_and_response.erb (5.5ms)
Rendered /Users/t_wamble/.rvm/gems/ruby-1.9.2-p180@rails3tutorial/gems/actionpack-3.0.7/lib/action_dispatch/middleware/templates/rescues/diagnostics.erb within rescues/layout (12.2ms)


Started POST "/microposts" for 127.0.0.1 at 2011-06-11 13:39:19 -0500
  Processing by MicropostsController#create as HTML
  Parameters: {"utf8"=>"✓", "authenticity_token"=>"yX2pFHa7X98DNv9nIjTd68Zpn7nGFALUdByAi/gcvJs=", "micropost"=>{"content"=>"Lorem ipsum dolor sit amet, consectetur adipisicing elit, sed do eiusmod tempor incididunt ut labore et dolore magna aliqua. Ut enim ad minim veniam, quis nostrud exercitation ullamco laboris nisi ut aliquip ex ea commodo consequat. Duis aute irure dolor in reprehenderit in voluptate velit esse cillum dolore eu fugiat nulla pariatur. Excepteur sint occaecat cupidatat non proident, sunt in culpa qui officia deserunt mollit anim id est laborum.", "user_id"=>"1"}, "commit"=>"Create Micropost"}
Completed   in 7ms

NoMethodError (undefined method `belongs_to' for main:Object):
  app/models/micropost.rb:2:in `<top (required)>'
  app/controllers/microposts_controller.rb:43:in `create'

Rendered /Users/t_wamble/.rvm/gems/ruby-1.9.2-p180@rails3tutorial/gems/actionpack-3.0.7/lib/action_dispatch/middleware/templates/rescues/_trace.erb (1.5ms)
Rendered /Users/t_wamble/.rvm/gems/ruby-1.9.2-p180@rails3tutorial/gems/actionpack-3.0.7/lib/action_dispatch/middleware/templates/rescues/_request_and_response.erb (5.1ms)
Rendered /Users/t_wamble/.rvm/gems/ruby-1.9.2-p180@rails3tutorial/gems/actionpack-3.0.7/lib/action_dispatch/middleware/templates/rescues/diagnostics.erb within rescues/layout (11.5ms)


Started GET "/users" for 127.0.0.1 at 2011-06-11 13:40:24 -0500
  Processing by UsersController#index as HTML
  [1m[36mUser Load (0.5ms)[0m  [1mSELECT "users".* FROM "users"[0m
Rendered users/index.html.erb within layouts/application (11.4ms)
Completed 200 OK in 61ms (Views: 17.3ms | ActiveRecord: 0.5ms)


Started GET "/microposts" for 127.0.0.1 at 2011-06-11 13:40:31 -0500
  Processing by MicropostsController#index as HTML
Completed   in 7ms

NoMethodError (undefined method `belongs_to' for main:Object):
  app/models/micropost.rb:2:in `<top (required)>'
  app/controllers/microposts_controller.rb:5:in `index'

Rendered /Users/t_wamble/.rvm/gems/ruby-1.9.2-p180@rails3tutorial/gems/actionpack-3.0.7/lib/action_dispatch/middleware/templates/rescues/_trace.erb (1.5ms)
Rendered /Users/t_wamble/.rvm/gems/ruby-1.9.2-p180@rails3tutorial/gems/actionpack-3.0.7/lib/action_dispatch/middleware/templates/rescues/_request_and_response.erb (3.2ms)
Rendered /Users/t_wamble/.rvm/gems/ruby-1.9.2-p180@rails3tutorial/gems/actionpack-3.0.7/lib/action_dispatch/middleware/templates/rescues/diagnostics.erb within rescues/layout (11.6ms)


Started GET "/microposts" for 127.0.0.1 at 2011-06-11 13:41:01 -0500
  Processing by MicropostsController#index as HTML
  [1m[35mMicropost Load (0.5ms)[0m  SELECT "microposts".* FROM "microposts"
Rendered microposts/index.html.erb within layouts/application (12.1ms)
Completed 200 OK in 35ms (Views: 17.4ms | ActiveRecord: 0.5ms)


Started GET "/microposts/new" for 127.0.0.1 at 2011-06-11 13:41:05 -0500
  Processing by MicropostsController#new as HTML
Rendered microposts/_form.html.erb (8.4ms)
Rendered microposts/new.html.erb within layouts/application (12.4ms)
Completed 200 OK in 58ms (Views: 17.5ms | ActiveRecord: 0.0ms)


Started POST "/microposts" for 127.0.0.1 at 2011-06-11 13:41:42 -0500
  Processing by MicropostsController#create as HTML
  Parameters: {"utf8"=>"✓", "authenticity_token"=>"yX2pFHa7X98DNv9nIjTd68Zpn7nGFALUdByAi/gcvJs=", "micropost"=>{"content"=>"Lorem ipsum dolor sit amet, consectetur adipisicing elit, sed do eiusmod tempor incididunt ut labore et dolore magna aliqua. Ut enim ad minim veniam, quis nostrud exercitation ullamco laboris nisi ut aliquip ex ea commodo consequat. Duis a", "user_id"=>""}, "commit"=>"Create Micropost"}
Rendered microposts/_form.html.erb (5.5ms)
Rendered microposts/new.html.erb within layouts/application (9.3ms)
Completed 200 OK in 34ms (Views: 14.4ms | ActiveRecord: 0.0ms)


Started POST "/microposts" for 127.0.0.1 at 2011-06-11 13:41:56 -0500
  Processing by MicropostsController#create as HTML
  Parameters: {"utf8"=>"✓", "authenticity_token"=>"yX2pFHa7X98DNv9nIjTd68Zpn7nGFALUdByAi/gcvJs=", "micropost"=>{"content"=>"Lorem ipsum dolor sit ", "user_id"=>"1"}, "commit"=>"Create Micropost"}
  [1m[36mSQL (0.2ms)[0m  [1m SELECT name
 FROM sqlite_master
 WHERE type = 'table' AND NOT name = 'sqlite_sequence'
[0m
  [1m[35mAREL (0.4ms)[0m  INSERT INTO "microposts" ("content", "user_id", "created_at", "updated_at") VALUES ('Lorem ipsum dolor sit ', 1, '2011-06-11 18:41:56.079806', '2011-06-11 18:41:56.079806')
Redirected to http://0.0.0.0:3000/microposts/2
Completed 302 Found in 58ms


Started GET "/microposts/2" for 127.0.0.1 at 2011-06-11 13:41:56 -0500
  Processing by MicropostsController#show as HTML
  Parameters: {"id"=>"2"}
  [1m[36mSQL (0.5ms)[0m  [1m SELECT name
 FROM sqlite_master
 WHERE type = 'table' AND NOT name = 'sqlite_sequence'
[0m
  [1m[35mMicropost Load (0.2ms)[0m  SELECT "microposts".* FROM "microposts" WHERE "microposts"."id" = 2 LIMIT 1
Rendered microposts/show.html.erb within layouts/application (28.3ms)
Completed 200 OK in 56ms (Views: 34.2ms | ActiveRecord: 1.2ms)


Started GET "/microposts" for 127.0.0.1 at 2011-06-11 13:41:59 -0500
  Processing by MicropostsController#index as HTML
  [1m[36mMicropost Load (0.5ms)[0m  [1mSELECT "microposts".* FROM "microposts"[0m
Rendered microposts/index.html.erb within layouts/application (13.6ms)
Completed 200 OK in 29ms (Views: 19.0ms | ActiveRecord: 0.5ms)


Started GET "/microposts/new" for 127.0.0.1 at 2011-06-11 13:42:01 -0500
  Processing by MicropostsController#new as HTML
Rendered microposts/_form.html.erb (8.3ms)
Rendered microposts/new.html.erb within layouts/application (12.2ms)
Completed 200 OK in 29ms (Views: 17.3ms | ActiveRecord: 0.0ms)


Started POST "/microposts" for 127.0.0.1 at 2011-06-11 13:42:39 -0500
  Processing by MicropostsController#create as HTML
  Parameters: {"utf8"=>"✓", "authenticity_token"=>"yX2pFHa7X98DNv9nIjTd68Zpn7nGFALUdByAi/gcvJs=", "micropost"=>{"content"=>"dolor sit amet, consectetur adipisicing elit, sed ", "user_id"=>"2"}, "commit"=>"Create Micropost"}
  [1m[35mSQL (0.2ms)[0m   SELECT name
 FROM sqlite_master
 WHERE type = 'table' AND NOT name = 'sqlite_sequence'
  [1m[36mAREL (0.3ms)[0m  [1mINSERT INTO "microposts" ("content", "user_id", "created_at", "updated_at") VALUES ('dolor sit amet, consectetur adipisicing elit, sed ', 2, '2011-06-11 18:42:39.897138', '2011-06-11 18:42:39.897138')[0m
Redirected to http://0.0.0.0:3000/microposts/3
Completed 302 Found in 60ms


Started GET "/microposts/3" for 127.0.0.1 at 2011-06-11 13:42:39 -0500
  Processing by MicropostsController#show as HTML
  Parameters: {"id"=>"3"}
  [1m[35mSQL (0.5ms)[0m   SELECT name
 FROM sqlite_master
 WHERE type = 'table' AND NOT name = 'sqlite_sequence'
  [1m[36mMicropost Load (0.2ms)[0m  [1mSELECT "microposts".* FROM "microposts" WHERE "microposts"."id" = 3 LIMIT 1[0m
Rendered microposts/show.html.erb within layouts/application (19.2ms)
Completed 200 OK in 70ms (Views: 42.1ms | ActiveRecord: 1.2ms)


Started GET "/users" for 127.0.0.1 at 2011-06-11 13:42:48 -0500
  Processing by UsersController#index as HTML
  [1m[35mUser Load (0.4ms)[0m  SELECT "users".* FROM "users"
Rendered users/index.html.erb within layouts/application (11.9ms)
Completed 200 OK in 28ms (Views: 17.2ms | ActiveRecord: 0.4ms)


Started GET "/users/new" for 127.0.0.1 at 2011-06-11 13:42:50 -0500
  Processing by UsersController#new as HTML
Rendered users/_form.html.erb (8.3ms)
Rendered users/new.html.erb within layouts/application (12.5ms)
Completed 200 OK in 30ms (Views: 18.0ms | ActiveRecord: 0.0ms)


Started POST "/users" for 127.0.0.1 at 2011-06-11 13:43:09 -0500
  Processing by UsersController#create as HTML
  Parameters: {"utf8"=>"✓", "authenticity_token"=>"yX2pFHa7X98DNv9nIjTd68Zpn7nGFALUdByAi/gcvJs=", "user"=>{"name"=>"tom li", "email"=>"tom@li.com"}, "commit"=>"Create User"}
  [1m[36mAREL (0.4ms)[0m  [1mINSERT INTO "users" ("name", "email", "created_at", "updated_at") VALUES ('tom li', 'tom@li.com', '2011-06-11 18:43:09.593741', '2011-06-11 18:43:09.593741')[0m
Redirected to http://0.0.0.0:3000/users/2
Completed 302 Found in 58ms


Started GET "/users/2" for 127.0.0.1 at 2011-06-11 13:43:09 -0500
  Processing by UsersController#show as HTML
  Parameters: {"id"=>"2"}
  [1m[35mUser Load (0.2ms)[0m  SELECT "users".* FROM "users" WHERE "users"."id" = 2 LIMIT 1
Rendered users/show.html.erb within layouts/application (10.7ms)
Completed 200 OK in 51ms (Views: 27.0ms | ActiveRecord: 0.6ms)


Started GET "/users" for 127.0.0.1 at 2011-06-11 13:43:12 -0500
  Processing by UsersController#index as HTML
  [1m[36mUser Load (0.5ms)[0m  [1mSELECT "users".* FROM "users"[0m
Rendered users/index.html.erb within layouts/application (12.8ms)
Completed 200 OK in 29ms (Views: 17.9ms | ActiveRecord: 0.5ms)
  [1m[36mMicropost Load (0.3ms)[0m  [1mSELECT "microposts".* FROM "microposts" WHERE ("microposts".user_id = 1)[0m


Started GET "/users" for 127.0.0.1 at 2011-06-11 13:43:53 -0500
  Processing by UsersController#index as HTML
  [1m[35mUser Load (0.5ms)[0m  SELECT "users".* FROM "users"
Rendered users/index.html.erb within layouts/application (12.9ms)
Completed 200 OK in 29ms (Views: 18.1ms | ActiveRecord: 0.5ms)


Started GET "/users/2" for 127.0.0.1 at 2011-06-11 13:45:43 -0500
  Processing by UsersController#show as HTML
  Parameters: {"id"=>"2"}
  [1m[36mUser Load (0.2ms)[0m  [1mSELECT "users".* FROM "users" WHERE "users"."id" = 2 LIMIT 1[0m
Rendered users/show.html.erb within layouts/application (11.0ms)
Completed 200 OK in 30ms (Views: 16.3ms | ActiveRecord: 0.2ms)
  [1m[35mSQL (0.4ms)[0m   SELECT name
 FROM sqlite_master
 WHERE type = 'table' AND NOT name = 'sqlite_sequence'
  [1m[36mUser Load (0.2ms)[0m  [1mSELECT "users".* FROM "users" WHERE "users"."id" = 2 LIMIT 1[0m
  [1m[35mMicropost Load (0.3ms)[0m  SELECT "microposts".* FROM "microposts" WHERE ("microposts".user_id = 2)
